TN:
SF:src\utils\authStorage.js
FN:4,readJson
FN:17,writeJson
FN:25,loadAccounts
FN:29,saveAccounts
FN:33,loadCurrentUserEmail
FN:41,saveCurrentUserEmail
FNF:6
FNH:0
FNDA:0,readJson
FNDA:0,writeJson
FNDA:0,loadAccounts
FNDA:0,saveAccounts
FNDA:0,loadCurrentUserEmail
FNDA:0,saveCurrentUserEmail
DA:1,0
DA:2,0
DA:5,0
DA:6,0
DA:9,0
DA:10,0
DA:11,0
DA:13,0
DA:18,0
DA:19,0
DA:22,0
DA:26,0
DA:30,0
DA:34,0
DA:35,0
DA:38,0
DA:42,0
DA:43,0
DA:46,0
DA:47,0
DA:48,0
DA:51,0
LF:22
LH:0
BRDA:5,0,0,0
BRDA:5,0,1,0
BRDA:11,1,0,0
BRDA:11,1,1,0
BRDA:18,2,0,0
BRDA:18,2,1,0
BRDA:34,3,0,0
BRDA:34,3,1,0
BRDA:42,4,0,0
BRDA:42,4,1,0
BRDA:46,5,0,0
BRDA:46,5,1,0
BRF:12
BRH:0
end_of_record
TN:
SF:src\utils\cartValidation.js
FN:1,validateCartItem
FN:24,calculateCartTotal
FN:33,(anonymous_2)
FN:39,(anonymous_3)
FN:48,validateQuantityUpdate
FNF:5
FNH:5
FNDA:10,validateCartItem
FNDA:7,calculateCartTotal
FNDA:7,(anonymous_2)
FNDA:7,(anonymous_3)
FNDA:4,validateQuantityUpdate
DA:2,10
DA:3,1
DA:6,9
DA:8,9
DA:9,2
DA:12,7
DA:13,3
DA:16,4
DA:17,10
DA:18,1
DA:21,3
DA:25,7
DA:26,3
DA:33,4
DA:34,7
DA:35,7
DA:36,7
DA:39,7
DA:41,4
DA:49,4
DA:50,4
DA:51,4
DA:53,4
DA:54,1
DA:57,3
DA:58,1
DA:61,2
DA:62,1
DA:65,1
LF:29
LH:29
BRDA:2,0,0,1
BRDA:2,0,1,9
BRDA:2,1,0,10
BRDA:2,1,1,10
BRDA:8,2,0,2
BRDA:8,2,1,7
BRDA:12,3,0,3
BRDA:12,3,1,4
BRDA:16,4,0,4
BRDA:16,4,1,0
BRDA:17,5,0,1
BRDA:17,5,1,9
BRDA:24,6,0,7
BRDA:25,7,0,3
BRDA:25,7,1,4
BRDA:25,8,0,7
BRDA:25,8,1,6
BRDA:34,9,0,7
BRDA:34,9,1,1
BRDA:35,10,0,7
BRDA:35,10,1,1
BRDA:39,11,0,7
BRDA:39,11,1,1
BRDA:49,12,0,4
BRDA:49,12,1,0
BRDA:51,13,0,4
BRDA:51,13,1,0
BRDA:53,14,0,1
BRDA:53,14,1,3
BRDA:57,15,0,1
BRDA:57,15,1,2
BRDA:61,16,0,1
BRDA:61,16,1,1
BRF:33
BRH:30
end_of_record
TN:
SF:src\utils\priceCalculation.js
FN:19,calculateOrderPrice
FN:20,(anonymous_1)
FN:58,checkInventoryAvailability
FN:60,(anonymous_3)
FN:64,(anonymous_4)
FN:71,(anonymous_5)
FNF:6
FNH:6
FNDA:8,calculateOrderPrice
FNDA:11,(anonymous_1)
FNDA:4,checkInventoryAvailability
FNDA:6,(anonymous_3)
FNDA:6,(anonymous_4)
FNDA:3,(anonymous_5)
DA:20,8
DA:21,11
DA:22,11
DA:23,11
DA:26,8
DA:27,8
DA:28,5
DA:32,5
DA:33,2
DA:34,3
DA:35,2
DA:39,8
DA:40,8
DA:41,8
DA:43,8
DA:59,4
DA:60,6
DA:63,4
DA:65,6
DA:66,6
DA:67,1
DA:69,5
DA:71,3
DA:77,4
LF:24
LH:24
BRDA:19,0,0,8
BRDA:19,1,0,8
BRDA:19,2,0,8
BRDA:21,3,0,11
BRDA:21,3,1,1
BRDA:22,4,0,11
BRDA:22,4,1,1
BRDA:27,5,0,5
BRDA:27,5,1,3
BRDA:27,6,0,8
BRDA:27,6,1,5
BRDA:28,7,0,5
BRDA:28,7,1,0
BRDA:32,8,0,2
BRDA:32,8,1,3
BRDA:34,9,0,2
BRDA:34,9,1,1
BRDA:39,10,0,8
BRDA:39,10,1,2
BRDA:58,11,0,4
BRDA:58,12,0,4
BRDA:60,13,0,6
BRDA:60,13,1,1
BRDA:66,14,0,1
BRDA:66,14,1,5
BRDA:74,15,0,3
BRDA:74,15,1,1
BRF:27
BRH:26
end_of_record
